[     104ms] [LOG] %c[Vercel Speed Insights]%c [vitals] color: rgb(120, 120, 120) color: inherit {speed: 4g, metrics: Array(1), scriptVersion: 0.1.3, sdkName: @vercel/speed-insights/react, sdkVersion: 1.3.1} /_vercel/speed-insights/vitals @ https://va.vercel-scripts.com/v1/speed-insights/script.debug.js:0
[     206ms] [LOG] [NotifService] 🔍 DEBUG VAPID: {hasVITE_VAPID_PUBLIC_KEY: true, hasVITE_VAPID_PUBLIC: false, keyLength: 87, allEnvKeys: Array(1)} @ http://localhost:5173/src/services/notificationService.ts:7
[     221ms] [INFO] %cDownload the React DevTools for a better development experience: https://react.dev/link/react-devtools font-weight:bold @ http://localhost:5173/node_modules/.vite/deps/react-dom_client.js?v=24e6c1e2:20102
[     252ms] [LOG] %c[Vercel Speed Insights]%c Debug mode is enabled by default in development. No requests will be sent to the server. color: rgb(120, 120, 120) color: inherit @ https://va.vercel-scripts.com/v1/speed-insights/script.debug.js:0
[     376ms] [LOG] [Agendamentos] 🔔 Push status: {supported: true, permission: denied, subscribed: false, disabledReason: user_denied} @ http://localhost:5173/src/pages/Agendamentos.jsx?t=1776374965004:60
[     376ms] [LOG] [Agendamentos] 🔔 Push status: {supported: true, permission: denied, subscribed: false, disabledReason: user_denied} @ http://localhost:5173/src/pages/Agendamentos.jsx?t=1776374965004:60
[   32964ms] [LOG] %c[Vercel Speed Insights]%c [vitals] color: rgb(120, 120, 120) color: inherit {speed: 4g, metrics: Array(3), scriptVersion: 0.1.3, sdkName: @vercel/speed-insights/react, sdkVersion: 1.3.1} /_vercel/speed-insights/vitals @ https://va.vercel-scripts.com/v1/speed-insights/script.debug.js:0
[ 2512988ms] [LOG] [vite] server connection lost. Polling for restart... @ http://localhost:5173/@vite/client:963
[ 2513285ms] [LOG] %c[Vercel Speed Insights]%c [vitals] color: rgb(120, 120, 120) color: inherit {speed: 4g, metrics: Array(1), scriptVersion: 0.1.3, sdkName: @vercel/speed-insights/react, sdkVersion: 1.3.1} /_vercel/speed-insights/vitals @ https://va.vercel-scripts.com/v1/speed-insights/script.debug.js:0
[ 2513548ms] [LOG] [NotifService] 🔍 DEBUG VAPID: {hasVITE_VAPID_PUBLIC_KEY: true, hasVITE_VAPID_PUBLIC: false, keyLength: 87, allEnvKeys: Array(1)} @ http://localhost:5173/src/services/notificationService.ts:7
[ 2513573ms] [INFO] %cDownload the React DevTools for a better development experience: https://react.dev/link/react-devtools font-weight:bold @ http://localhost:5173/node_modules/.vite/deps/react-dom_client.js?v=24e6c1e2:20102
[ 2513626ms] [LOG] %c[Vercel Speed Insights]%c Debug mode is enabled by default in development. No requests will be sent to the server. color: rgb(120, 120, 120) color: inherit @ https://va.vercel-scripts.com/v1/speed-insights/script.debug.js:0
[ 7362115ms] [LOG] [vite] server connection lost. Polling for restart... @ http://localhost:5173/@vite/client:963
[ 7362456ms] [LOG] %c[Vercel Speed Insights]%c [vitals] color: rgb(120, 120, 120) color: inherit {speed: 4g, metrics: Array(3), scriptVersion: 0.1.3, sdkName: @vercel/speed-insights/react, sdkVersion: 1.3.1} /_vercel/speed-insights/vitals @ https://va.vercel-scripts.com/v1/speed-insights/script.debug.js:0
[ 7362457ms] [LOG] %c[Vercel Speed Insights]%c [vitals] color: rgb(120, 120, 120) color: inherit {speed: 4g, metrics: Array(1), scriptVersion: 0.1.3, sdkName: @vercel/speed-insights/react, sdkVersion: 1.3.1} /_vercel/speed-insights/vitals @ https://va.vercel-scripts.com/v1/speed-insights/script.debug.js:0
[ 7362923ms] [LOG] [NotifService] 🔍 DEBUG VAPID: {hasVITE_VAPID_PUBLIC_KEY: true, hasVITE_VAPID_PUBLIC: false, keyLength: 87, allEnvKeys: Array(1)} @ http://localhost:5173/src/services/notificationService.ts:7
[ 7363044ms] [INFO] %cDownload the React DevTools for a better development experience: https://react.dev/link/react-devtools font-weight:bold @ http://localhost:5173/node_modules/.vite/deps/react-dom_client.js?v=24e6c1e2:20102
[ 7363146ms] [LOG] %c[Vercel Speed Insights]%c Debug mode is enabled by default in development. No requests will be sent to the server. color: rgb(120, 120, 120) color: inherit @ https://va.vercel-scripts.com/v1/speed-insights/script.debug.js:0
[ 7363194ms] [ERROR] Failed to load resource: the server responded with a status of 401 (Unauthorized) @ http://localhost:5001/api/auth/me:0
[ 7363195ms] [ERROR] Erro na API: AxiosError @ http://localhost:5173/src/services/api.js:152
[ 7363204ms] [ERROR] Failed to load resource: the server responded with a status of 401 (Unauthorized) @ http://localhost:5001/api/auth/me:0
[ 7363204ms] [ERROR] Erro na API: AxiosError @ http://localhost:5173/src/services/api.js:152
[ 7363477ms] [ERROR] Failed to load resource: the server responded with a status of 401 (Unauthorized) @ http://localhost:5001/api/auth/refresh:0
[ 7363478ms] [ERROR] Erro na API: AxiosError @ http://localhost:5173/src/services/api.js:152
[ 7363478ms] [ERROR] Erro ao renovar token: AxiosError @ http://localhost:5173/src/contexts/AuthContext.jsx:87
[ 7363482ms] [ERROR] Failed to load resource: the server responded with a status of 401 (Unauthorized) @ http://localhost:5001/api/auth/refresh:0
[ 7363482ms] [ERROR] Erro na API: AxiosError @ http://localhost:5173/src/services/api.js:152
[ 7363483ms] [ERROR] Erro ao renovar token: AxiosError @ http://localhost:5173/src/contexts/AuthContext.jsx:87
